This is pdfTeX, Version 3.14159265-2.6-1.40.21 (MiKTeX 20.10) (preloaded format=pdflatex 2020.10.12)  25 JAN 2021 11:28
entering extended mode
**./Relazione_MT.tex
(Relazione_MT.tex
LaTeX2e <2020-10-01> patch level 1
L3 programming layer <2020-10-05> xparse <2020-03-03>
(C:\Users\Utente\AppData\Local\Programs\MiKTeX\tex/latex/base\report.cls
Document Class: report 2020/04/10 v1.4m Standard LaTeX document class
(C:\Users\Utente\AppData\Local\Programs\MiKTeX\tex/latex/base\size10.clo
File: size10.clo 2020/04/10 v1.4m Standard LaTeX file (size option)
)
\c@part=\count175
\c@chapter=\count176
\c@section=\count177
\c@subsection=\count178
\c@subsubsection=\count179
\c@paragraph=\count180
\c@subparagraph=\count181
\c@figure=\count182
\c@table=\count183
\abovecaptionskip=\skip47
\belowcaptionskip=\skip48
\bibindent=\dimen138
)
(C:\Users\Utente\AppData\Local\Programs\MiKTeX\tex/latex/base\inputenc.sty
Package: inputenc 2020/08/01 v1.3d Input encoding file
\inpenc@prehook=\toks15
\inpenc@posthook=\toks16
)
(C:\Users\Utente\AppData\Local\Programs\MiKTeX\tex/latex/amsmath\amsmath.sty
Package: amsmath 2020/09/23 v2.17i AMS math features
\@mathmargin=\skip49

For additional information on amsmath, use the `?' option.
(C:\Users\Utente\AppData\Local\Programs\MiKTeX\tex/latex/amsmath\amstext.sty
Package: amstext 2000/06/29 v2.01 AMS text

(C:\Users\Utente\AppData\Local\Programs\MiKTeX\tex/latex/amsmath\amsgen.sty
File: amsgen.sty 1999/11/30 v2.0 generic functions
\@emptytoks=\toks17
\ex@=\dimen139
))
(C:\Users\Utente\AppData\Local\Programs\MiKTeX\tex/latex/amsmath\amsbsy.sty
Package: amsbsy 1999/11/29 v1.2d Bold Symbols
\pmbraise@=\dimen140
)
(C:\Users\Utente\AppData\Local\Programs\MiKTeX\tex/latex/amsmath\amsopn.sty
Package: amsopn 2016/03/08 v2.02 operator names
)
\inf@bad=\count184
LaTeX Info: Redefining \frac on input line 234.
\uproot@=\count185
\leftroot@=\count186
LaTeX Info: Redefining \overline on input line 399.
\classnum@=\count187
\DOTSCASE@=\count188
LaTeX Info: Redefining \ldots on input line 496.
LaTeX Info: Redefining \dots on input line 499.
LaTeX Info: Redefining \cdots on input line 620.
\Mathstrutbox@=\box47
\strutbox@=\box48
\big@size=\dimen141
LaTeX Font Info:    Redeclaring font encoding OML on input line 743.
LaTeX Font Info:    Redeclaring font encoding OMS on input line 744.
\macc@depth=\count189
\c@MaxMatrixCols=\count190
\dotsspace@=\muskip16
\c@parentequation=\count191
\dspbrk@lvl=\count192
\tag@help=\toks18
\row@=\count193
\column@=\count194
\maxfields@=\count195
\andhelp@=\toks19
\eqnshift@=\dimen142
\alignsep@=\dimen143
\tagshift@=\dimen144
\tagwidth@=\dimen145
\totwidth@=\dimen146
\lineht@=\dimen147
\@envbody=\toks20
\multlinegap=\skip50
\multlinetaggap=\skip51
\mathdisplay@stack=\toks21
LaTeX Info: Redefining \[ on input line 2923.
LaTeX Info: Redefining \] on input line 2924.
)
(C:\Users\Utente\AppData\Local\Programs\MiKTeX\tex/latex/amsfonts\amsfonts.sty
Package: amsfonts 2013/01/14 v3.01 Basic AMSFonts support
\symAMSa=\mathgroup4
\symAMSb=\mathgroup5
LaTeX Font Info:    Redeclaring math symbol \hbar on input line 98.
LaTeX Font Info:    Overwriting math alphabet `\mathfrak' in version `bold'
(Font)                  U/euf/m/n --> U/euf/b/n on input line 106.
) (C:\Users\Utente\AppData\Local\Programs\MiKTeX\tex/latex/amsfonts\amssymb.sty
Package: amssymb 2013/01/14 v3.01 AMS font symbols
) (C:\Users\Utente\AppData\Local\Programs\MiKTeX\tex/latex/graphics\rotating.st
y
Package: rotating 2016/08/11 v2.16d rotated objects in LaTeX
(C:\Users\Utente\AppData\Local\Programs\MiKTeX\tex/latex/graphics\graphicx.sty
Package: graphicx 2020/09/09 v1.2b Enhanced LaTeX Graphics (DPC,SPQR)

(C:\Users\Utente\AppData\Local\Programs\MiKTeX\tex/latex/graphics\keyval.sty
Package: keyval 2014/10/28 v1.15 key=value parser (DPC)
\KV@toks@=\toks22
)
(C:\Users\Utente\AppData\Local\Programs\MiKTeX\tex/latex/graphics\graphics.sty
Package: graphics 2020/08/30 v1.4c Standard LaTeX Graphics (DPC,SPQR)

(C:\Users\Utente\AppData\Local\Programs\MiKTeX\tex/latex/graphics\trig.sty
Package: trig 2016/01/03 v1.10 sin cos tan (DPC)
)
(C:\Users\Utente\AppData\Local\Programs\MiKTeX\tex/latex/graphics-cfg\graphics.
cfg
File: graphics.cfg 2016/06/04 v1.11 sample graphics configuration
)
Package graphics Info: Driver file: pdftex.def on input line 105.

(C:\Users\Utente\AppData\Local\Programs\MiKTeX\tex/latex/graphics-def\pdftex.de
f
File: pdftex.def 2020/10/05 v1.2a Graphics/color driver for pdftex
))
\Gin@req@height=\dimen148
\Gin@req@width=\dimen149
) (C:\Users\Utente\AppData\Local\Programs\MiKTeX\tex/latex/base\ifthen.sty
Package: ifthen 2014/09/29 v1.1c Standard LaTeX ifthen package (DPC)
)
\c@r@tfl@t=\count196
\rotFPtop=\skip52
\rotFPbot=\skip53
\rot@float@box=\box49
\rot@mess@toks=\toks23
) (C:\Users\Utente\AppData\Local\Programs\MiKTeX\tex/latex/booktabs\booktabs.st
y
Package: booktabs 2020/01/12 v1.61803398 Publication quality tables
\heavyrulewidth=\dimen150
\lightrulewidth=\dimen151
\cmidrulewidth=\dimen152
\belowrulesep=\dimen153
\belowbottomsep=\dimen154
\aboverulesep=\dimen155
\abovetopsep=\dimen156
\cmidrulesep=\dimen157
\cmidrulekern=\dimen158
\defaultaddspace=\dimen159
\@cmidla=\count197
\@cmidlb=\count198
\@aboverulesep=\dimen160
\@belowrulesep=\dimen161
\@thisruleclass=\count199
\@lastruleclass=\count266
\@thisrulewidth=\dimen162
)
(C:\Users\Utente\AppData\Local\Programs\MiKTeX\tex/latex/l3backend\l3backend-pd
ftex.def
File: l3backend-pdftex.def 2020-09-24 L3 backend support: PDF output (pdfTeX)
\l__kernel_color_stack_int=\count267
\l__pdf_internal_box=\box50
) (Relazione_MT.aux)
\openout1 = `Relazione_MT.aux'.

LaTeX Font Info:    Checking defaults for OML/cmm/m/it on input line 11.
LaTeX Font Info:    ... okay on input line 11.
LaTeX Font Info:    Checking defaults for OMS/cmsy/m/n on input line 11.
LaTeX Font Info:    ... okay on input line 11.
LaTeX Font Info:    Checking defaults for OT1/cmr/m/n on input line 11.
LaTeX Font Info:    ... okay on input line 11.
LaTeX Font Info:    Checking defaults for T1/cmr/m/n on input line 11.
LaTeX Font Info:    ... okay on input line 11.
LaTeX Font Info:    Checking defaults for TS1/cmr/m/n on input line 11.
LaTeX Font Info:    ... okay on input line 11.
LaTeX Font Info:    Checking defaults for OMX/cmex/m/n on input line 11.
LaTeX Font Info:    ... okay on input line 11.
LaTeX Font Info:    Checking defaults for U/cmr/m/n on input line 11.
LaTeX Font Info:    ... okay on input line 11.

(C:\Users\Utente\AppData\Local\Programs\MiKTeX\tex/context/base/mkii\supp-pdf.m
kii
[Loading MPS to PDF converter (version 2006.09.02).]
\scratchcounter=\count268
\scratchdimen=\dimen163
\scratchbox=\box51
\nofMPsegments=\count269
\nofMParguments=\count270
\everyMPshowfont=\toks24
\MPscratchCnt=\count271
\MPscratchDim=\dimen164
\MPnumerator=\count272
\makeMPintoPDFobject=\count273
\everyMPtoPDFconversion=\toks25
)
(C:\Users\Utente\AppData\Local\Programs\MiKTeX\tex/latex/epstopdf-pkg\epstopdf-
base.sty
Package: epstopdf-base 2020-01-24 v2.11 Base part for package epstopdf
Package epstopdf-base Info: Redefining graphics rule for `.eps' on input line 4
85.
)
LaTeX Font Info:    Trying to load font information for U+msa on input line 12.


(C:\Users\Utente\AppData\Local\Programs\MiKTeX\tex/latex/amsfonts\umsa.fd
File: umsa.fd 2013/01/14 v3.01 AMS symbols A
)
LaTeX Font Info:    Trying to load font information for U+msb on input line 12.


(C:\Users\Utente\AppData\Local\Programs\MiKTeX\tex/latex/amsfonts\umsb.fd
File: umsb.fd 2013/01/14 v3.01 AMS symbols B
)
[1

{C:/Users/Utente/AppData/Local/MiKTeX/pdftex/config/pdftex.map}]
Overfull \hbox (37.30644pt too wide) in paragraph at lines 32--34
[]$ \OT1/cmr/m/n/10 una volta che ven-gono rag-grup-pate le righe con stesso \O
T1/cmr/bx/n/10 ID[]DICHIARAZIONE\OT1/cmr/m/n/10 .
 []

<ordini_vs_anno.png, id=7, 722.7pt x 361.35pt>
File: ordini_vs_anno.png Graphic file (type png)
<use ordini_vs_anno.png>
Package pdftex.def Info: ordini_vs_anno.png  used on input line 50.
(pdftex.def)             Requested size: 361.3491pt x 180.67456pt.

Overfull \hbox (16.3491pt too wide) in paragraph at lines 50--51
 [][] 
 []

<ordini_codici_hist.png, id=9, 722.7pt x 433.62pt>
File: ordini_codici_hist.png Graphic file (type png)
<use ordini_codici_hist.png>
Package pdftex.def Info: ordini_codici_hist.png  used on input line 59.
(pdftex.def)             Requested size: 361.3491pt x 216.80946pt.

Overfull \hbox (16.3491pt too wide) in paragraph at lines 59--60
 [][] 
 []

<ordini_categorie_hist.png, id=10, 722.7pt x 722.7pt>
File: ordini_categorie_hist.png Graphic file (type png)
<use ordini_categorie_hist.png>
Package pdftex.def Info: ordini_categorie_hist.png  used on input line 69.
(pdftex.def)             Requested size: 361.3491pt x 361.3491pt.

Overfull \hbox (16.3491pt too wide) in paragraph at lines 69--70
 [][] 
 []

[1] [2 <./ordini_vs_anno.png>] [3 <./ordini_codici_hist.png>] [4 <./ordini_cate
gorie_hist.png>]
LaTeX Font Info:    Trying to load font information for TS1+cmtt on input line 
145.

(C:\Users\Utente\AppData\Local\Programs\MiKTeX\tex/latex/base\ts1cmtt.fd
File: ts1cmtt.fd 2019/12/16 v2.5j Standard LaTeX font definitions
)
Overfull \hbox (1.49698pt too wide) in paragraph at lines 184--184
[]            \OT1/cmtt/m/n/10 p.replace("'", '') for p in word_tokenize(descri
zione)[] 
 []

[5]
Overfull \hbox (69.74638pt too wide) in paragraph at lines 205--205
[]\OT1/cmtt/m/n/10 print("Numero categorie = {}".format(len(categorie))) --> Nu
mero categorie = 10[] 
 []


Overfull \hbox (59.24648pt too wide) in paragraph at lines 205--205
[]\OT1/cmtt/m/n/10 print("Numero documenti = {}".format(len(docs))) --> Numero 
documenti = 18115[] 
 []


Overfull \hbox (116.99597pt too wide) in paragraph at lines 205--205
[]\OT1/cmtt/m/n/10 --> Primi cinque temi = ['centrale', 'videogiochi', 'indicar
e', 'dialisi', 'regolatori'][] 
 []


Overfull \hbox (1.49698pt too wide) in paragraph at lines 239--239
[]\OT1/cmtt/m/n/10 # Considero la lista di tuple documenti --> len(documenti) =
 18115[] 
 []

[6]
Overfull \hbox (27.74675pt too wide) in paragraph at lines 239--239
[]\OT1/cmtt/m/n/10 # Temi prelevati da tutti i documenti = TEMI_TOT -> len(TEMI
_TOT) = 402[] 
 []


Overfull \hbox (1.49698pt too wide) in paragraph at lines 239--239
[]\OT1/cmtt/m/n/10 --> X = [..., [..., 1,..., 0,...],..., [..., 1,..., 1, ...,]
, ...][] 
 []


Overfull \hbox (116.99597pt too wide) in paragraph at lines 239--239
[]\OT1/cmtt/m/n/10 --> y = [..., [0, 1, 0, 0, 0, 0, 0, 0, 0, 0], ... , [0, 1, 0
, 0, 0, 0, 0, 0, 0, 0], ...][] 
 []


Overfull \hbox (22.4968pt too wide) in paragraph at lines 282--282
[]        \OT1/cmtt/m/n/10 riga_input = [1 if t in temi_descrizione else 0 for 
t in temi][] 
 []

[7]
<DNN.png, id=44, 392.96812pt x 371.13657pt>
File: DNN.png Graphic file (type png)
<use DNN.png>
Package pdftex.def Info: DNN.png  used on input line 290.
(pdftex.def)             Requested size: 235.78268pt x 222.68365pt.
<somme_neuroni.png, id=45, 286.82156pt x 110.66344pt>
File: somme_neuroni.png Graphic file (type png)
<use somme_neuroni.png>
Package pdftex.def Info: somme_neuroni.png  used on input line 299.
(pdftex.def)             Requested size: 172.09425pt x 66.39856pt.
 [8] [9 <./DNN.png> <./somme_neuroni.png>] [10]
Overfull \hbox (11.99689pt too wide) in paragraph at lines 365--365
[]    \OT1/cmtt/m/n/10 model = DNN(rete, tensorboard_dir='logs', tensorboard_ve
rbose=3)[] 
 []


Overfull \hbox (6.74693pt too wide) in paragraph at lines 365--365
[]    \OT1/cmtt/m/n/10 model.fit(X, y, n_epoch=EPOCHS, batch_size=8, show_metri
c=True)[] 
 []


Overfull \hbox (80.24629pt too wide) in paragraph at lines 365--365
[]    \OT1/cmtt/m/n/10 model.save('Reti/rete_{}perc_ep{}_hid_{}'.format(PERC, E
POCHS, HIDDEN_NODES))[] 
 []


Overfull \hbox (17.24684pt too wide) in paragraph at lines 377--377
[]\OT1/cmtt/m/n/10 # TRAINING SET con una percentuale PERC = 70% delle 18115 de
scrizioni[] 
 []

[11]
Overfull \hbox (17.24684pt too wide) in paragraph at lines 424--424
[]    \OT1/cmtt/m/n/10 # genera le probabilita da associare ad ognuna delle 10
 categorie[] 
 []


Overfull \hbox (11.99689pt too wide) in paragraph at lines 438--438
[]    \OT1/cmtt/m/n/10 # genero la classifica delle categorie predette (almeno 
con 25%)[] 
 []


Overfull \hbox (17.24684pt too wide) in paragraph at lines 438--438
[]        \OT1/cmtt/m/n/10 # SELEZIONO CATEGORIE CON PROBABILITA' >= SOGLIA_ERR
ORE = 25%[] 
 []

[12]
Overfull \hbox (38.24666pt too wide) in paragraph at lines 487--487
[]\OT1/cmtt/m/n/10 Comparazione per le 3 categorie osservate vs predette [ True
  True  True][] 
 []

<Plot/equality_train_perc_70_64_hidden_nodes_epoch_100.png, id=65, 388.45125pt 
x 289.08pt>
File: Plot/equality_train_perc_70_64_hidden_nodes_epoch_100.png Graphic file (t
ype png)
<use Plot/equality_train_perc_70_64_hidden_nodes_epoch_100.png>
Package pdftex.def Info: Plot/equality_train_perc_70_64_hidden_nodes_epoch_100.
png  used on input line 493.
(pdftex.def)             Requested size: 233.07254pt x 173.44933pt.
<Plot/equality_test_perc_70_64_hidden_nodes_epoch_100.png, id=66, 382.42876pt x
 289.08pt>
File: Plot/equality_test_perc_70_64_hidden_nodes_epoch_100.png Graphic file (ty
pe png)
<use Plot/equality_test_perc_70_64_hidden_nodes_epoch_100.png>
Package pdftex.def Info: Plot/equality_test_perc_70_64_hidden_nodes_epoch_100.p
ng  used on input line 494.
(pdftex.def)             Requested size: 229.45901pt x 173.44933pt.
[13] [14 <./Plot/equality_train_perc_70_64_hidden_nodes_epoch_100.png> <./Plot/
equality_test_perc_70_64_hidden_nodes_epoch_100.png>]
<Plot/Accuracy_train_vs_epochs.png, id=75, 393.47pt x 279.0425pt>
File: Plot/Accuracy_train_vs_epochs.png Graphic file (type png)
<use Plot/Accuracy_train_vs_epochs.png>
Package pdftex.def Info: Plot/Accuracy_train_vs_epochs.png  used on input line 
513.
(pdftex.def)             Requested size: 236.0838pt x 167.42679pt.
<Plot/Accuracy_test_vs_epochs.png, id=76, 383.4325pt x 279.0425pt>
File: Plot/Accuracy_test_vs_epochs.png Graphic file (type png)
<use Plot/Accuracy_test_vs_epochs.png>
Package pdftex.def Info: Plot/Accuracy_test_vs_epochs.png  used on input line 5
20.
(pdftex.def)             Requested size: 230.06126pt x 167.42679pt.
 [15 <./Plot/Accuracy_train_vs_epochs.png> <./Plot/Accuracy_test_vs_epochs.png>
] [16] (Relazione_MT.aux) ) 
Here is how much of TeX's memory you used:
 2637 strings out of 480236
 37090 string characters out of 2880082
 309860 words of memory out of 3000000
 19166 multiletter control sequences out of 15000+200000
 544097 words of font info for 64 fonts, out of 3000000 for 9000
 1141 hyphenation exceptions out of 8191
 72i,8n,77p,1293b,266s stack positions out of 5000i,500n,10000p,200000b,50000s
 <C:\Users\Utente\AppData\Local\MiKTeX\fonts/pk/ljfo
ur/jknappen/ec/dpi600\tctt1000.pk> <C:\Users\Utente\AppData\Local\MiKTeX\fonts/
pk/ljfour/jknappen/ec/dpi600\tcrm1000.pk><C:/Users/Utente/AppData/Local/Program
s/MiKTeX/fonts/type1/public/amsfonts/cm/cmbx10.pfb><C:/Users/Utente/AppData/Loc
al/Programs/MiKTeX/fonts/type1/public/amsfonts/cm/cmbx12.pfb><C:/Users/Utente/A
ppData/Local/Programs/MiKTeX/fonts/type1/public/amsfonts/cm/cmmi10.pfb><C:/User
s/Utente/AppData/Local/Programs/MiKTeX/fonts/type1/public/amsfonts/cm/cmmi7.pfb
><C:/Users/Utente/AppData/Local/Programs/MiKTeX/fonts/type1/public/amsfonts/cm/
cmr10.pfb><C:/Users/Utente/AppData/Local/Programs/MiKTeX/fonts/type1/public/ams
fonts/cm/cmr12.pfb><C:/Users/Utente/AppData/Local/Programs/MiKTeX/fonts/type1/p
ublic/amsfonts/cm/cmr17.pfb><C:/Users/Utente/AppData/Local/Programs/MiKTeX/font
s/type1/public/amsfonts/cm/cmr7.pfb><C:/Users/Utente/AppData/Local/Programs/MiK
TeX/fonts/type1/public/amsfonts/cm/cmsy10.pfb><C:/Users/Utente/AppData/Local/Pr
ograms/MiKTeX/fonts/type1/public/amsfonts/cm/cmti10.pfb><C:/Users/Utente/AppDat
a/Local/Programs/MiKTeX/fonts/type1/public/amsfonts/cm/cmtt10.pfb>
Output written on Relazione_MT.pdf (17 pages, 468893 bytes).
PDF statistics:
 128 PDF objects out of 1000 (max. 8388607)
 0 named destinations out of 1000 (max. 500000)
 46 words of extra memory for PDF output out of 10000 (max. 10000000)

